<html>
<head>
<title>TestNG:  All tests</title>
<link href="../testng.css" rel="stylesheet" type="text/css" />
<link href="../my-testng.css" rel="stylesheet" type="text/css" />

<style type="text/css">
.log { display: none;} 
.stack-trace { display: none;} 
</style>
<script type="text/javascript">
<!--
function flip(e) {
  current = e.style.display;
  if (current == 'block') {
    e.style.display = 'none';
    return 0;
  }
  else {
    e.style.display = 'block';
    return 1;
  }
}

function toggleBox(szDivId, elem, msg1, msg2)
{
  var res = -1;  if (document.getElementById) {
    res = flip(document.getElementById(szDivId));
  }
  else if (document.all) {
    // this is the way old msie versions work
    res = flip(document.all[szDivId]);
  }
  if(elem) {
    if(res == 0) elem.innerHTML = msg1; else elem.innerHTML = msg2;
  }

}

function toggleAllBoxes() {
  if (document.getElementsByTagName) {
    d = document.getElementsByTagName('div');
    for (i = 0; i < d.length; i++) {
      if (d[i].className == 'log') {
        flip(d[i]);
      }
    }
  }
}

// -->
</script>

</head>
<body>
<h2 align='center'>All tests</h2><table border='1' align="center">
<tr>
<td>Tests passed/Failed/Skipped:</td><td>21/1/2</td>
</tr><tr>
<td>Started on:</td><td>Wed Sep 23 22:39:01 EDT 2020</td>
</tr>
<tr><td>Total time:</td><td>77 seconds (77748 ms)</td>
</tr><tr>
<td>Included groups:</td><td></td>
</tr><tr>
<td>Excluded groups:</td><td></td>
</tr>
</table><p/>
<small><i>(Hover the method name to see the test class name)</i></small><p/>
<table width='100%' border='1' class='invocation-failed'>
<tr><td colspan='4' align='center'><b>FAILED TESTS</b></td></tr>
<tr><td><b>Test method</b></td>
<td width="30%"><b>Exception</b></td>
<td width="10%"><b>Time (seconds)</b></td>
<td><b>Instance</b></td>
</tr>
<tr>
<td title='koel_PageTests_My.LoginTest_my1.loginTest22()'><b>loginTest22</b><br>Test class: koel_PageTests_My.LoginTest_my1</td>
<td><div><pre>java.lang.AssertionError: expected [true] but found [false]
	at koel_PageTests_My.LoginTest_my1.loginTest22(LoginTest_my1.java:35)
	at java.base/java.util.concurrent.ThreadPoolExecutor.runWorker(ThreadPoolExecutor.java:1130)
	at java.base/java.util.concurrent.ThreadPoolExecutor$Worker.run(ThreadPoolExecutor.java:630)
	at java.base/java.lang.Thread.run(Thread.java:832)
... Removed 14 stack frames</pre></div><a href='#' onClick='toggleBox("stack-trace482788240", this, "Click to show all stack frames", "Click to hide stack frames")'>Click to show all stack frames</a>
<div class='stack-trace' id='stack-trace482788240'><pre>java.lang.AssertionError: expected [true] but found [false]
	at org.testng.Assert.fail(Assert.java:96)
	at org.testng.Assert.failNotEquals(Assert.java:776)
	at org.testng.Assert.assertTrue(Assert.java:44)
	at org.testng.Assert.assertTrue(Assert.java:54)
	at koel_PageTests_My.LoginTest_my1.loginTest22(LoginTest_my1.java:35)
	at java.base/jdk.internal.reflect.NativeMethodAccessorImpl.invoke0(Native Method)
	at java.base/jdk.internal.reflect.NativeMethodAccessorImpl.invoke(NativeMethodAccessorImpl.java:62)
	at java.base/jdk.internal.reflect.DelegatingMethodAccessorImpl.invoke(DelegatingMethodAccessorImpl.java:43)
	at java.base/java.lang.reflect.Method.invoke(Method.java:564)
	at org.testng.internal.MethodInvocationHelper.invokeMethod(MethodInvocationHelper.java:124)
	at org.testng.internal.Invoker.invokeMethod(Invoker.java:583)
	at org.testng.internal.Invoker.invokeTestMethod(Invoker.java:719)
	at org.testng.internal.Invoker.invokeTestMethods(Invoker.java:989)
	at org.testng.internal.TestMethodWorker.invokeTestMethods(TestMethodWorker.java:125)
	at org.testng.internal.TestMethodWorker.run(TestMethodWorker.java:109)
	at java.base/java.util.concurrent.ThreadPoolExecutor.runWorker(ThreadPoolExecutor.java:1130)
	at java.base/java.util.concurrent.ThreadPoolExecutor$Worker.run(ThreadPoolExecutor.java:630)
	at java.base/java.lang.Thread.run(Thread.java:832)
</pre></div></td>
<td>5</td>
<td>koel_PageTests_My.LoginTest_my1@376b4233</td></tr>
</table><p>
<table width='100%' border='1' class='invocation-passed'>
<tr><td colspan='4' align='center'><b>PASSED TESTS</b></td></tr>
<tr><td><b>Test method</b></td>
<td width="30%"><b>Exception</b></td>
<td width="10%"><b>Time (seconds)</b></td>
<td><b>Instance</b></td>
</tr>
<tr>
<td title='koel_PageTests_My.PlaylistTest_my.createPlaylistTest1()'><b>createPlaylistTest1</b><br>Test class: koel_PageTests_My.PlaylistTest_my</td>
<td></td>
<td>3</td>
<td>koel_PageTests_My.PlaylistTest_my@2fd66ad3</td></tr>
<tr>
<td title='koel_PageTests_My.PlaylistTest_my1.createPlaylistTest11()'><b>createPlaylistTest11</b><br>Test class: koel_PageTests_My.PlaylistTest_my1</td>
<td></td>
<td>2</td>
<td>koel_PageTests_My.PlaylistTest_my1@5d11346a</td></tr>
<tr>
<td title='koel_PageTests_My.PlaylistTest_my.createPlaylistTest2()'><b>createPlaylistTest2</b><br>Test class: koel_PageTests_My.PlaylistTest_my</td>
<td></td>
<td>2</td>
<td>koel_PageTests_My.PlaylistTest_my@2fd66ad3</td></tr>
<tr>
<td title='koel_PageTests_My.PlaylistTest_my1.createPlaylistTest22()'><b>createPlaylistTest22</b><br>Test class: koel_PageTests_My.PlaylistTest_my1</td>
<td></td>
<td>2</td>
<td>koel_PageTests_My.PlaylistTest_my1@5d11346a</td></tr>
<tr>
<td title='koel_PageTests_My.LoginTest_my.loginTest1()'><b>loginTest1</b><br>Test class: koel_PageTests_My.LoginTest_my</td>
<td></td>
<td>1</td>
<td>koel_PageTests_My.LoginTest_my@4fcd19b3</td></tr>
<tr>
<td title='koel_PageTests_My.LoginTest_my1.loginTest11()'><b>loginTest11</b><br>Test class: koel_PageTests_My.LoginTest_my1</td>
<td></td>
<td>1</td>
<td>koel_PageTests_My.LoginTest_my1@376b4233</td></tr>
<tr>
<td title='koel_PageTests_My.LoginTest_my.loginTest3()'><b>loginTest3</b><br>Test class: koel_PageTests_My.LoginTest_my</td>
<td></td>
<td>1</td>
<td>koel_PageTests_My.LoginTest_my@4fcd19b3</td></tr>
<tr>
<td title='koel_PageTests_My.LoginTest_my1.loginTest33()'><b>loginTest33</b><br>Test class: koel_PageTests_My.LoginTest_my1</td>
<td></td>
<td>1</td>
<td>koel_PageTests_My.LoginTest_my1@376b4233</td></tr>
<tr>
<td title='koel_PageTests_My.LoginTest_my.loginTest4()'><b>loginTest4</b><br>Test class: koel_PageTests_My.LoginTest_my</td>
<td></td>
<td>0</td>
<td>koel_PageTests_My.LoginTest_my@4fcd19b3</td></tr>
<tr>
<td title='koel_PageTests_My.LoginTest_my1.loginTest44()'><b>loginTest44</b><br>Test class: koel_PageTests_My.LoginTest_my1</td>
<td></td>
<td>0</td>
<td>koel_PageTests_My.LoginTest_my1@376b4233</td></tr>
<tr>
<td title='koel_PageTests_My.LoginTest_my1.negativeLoginTest11()'><b>negativeLoginTest11</b><br>Test class: koel_PageTests_My.LoginTest_my1</td>
<td></td>
<td>5</td>
<td>koel_PageTests_My.LoginTest_my1@376b4233</td></tr>
<tr>
<td title='koel_PageTests_My.LoginTest_my.negativeLoginTest2()'><b>negativeLoginTest2</b><br>Test class: koel_PageTests_My.LoginTest_my</td>
<td></td>
<td>5</td>
<td>koel_PageTests_My.LoginTest_my@4fcd19b3</td></tr>
<tr>
<td title='koel_PageTests_My.LoginTest_my1.negativeLoginTest22()'><b>negativeLoginTest22</b><br>Test class: koel_PageTests_My.LoginTest_my1</td>
<td></td>
<td>5</td>
<td>koel_PageTests_My.LoginTest_my1@376b4233</td></tr>
<tr>
<td title='koel_PageTests_My.LoginTest_my.negativeLoginTest3()'><b>negativeLoginTest3</b><br>Test class: koel_PageTests_My.LoginTest_my</td>
<td></td>
<td>5</td>
<td>koel_PageTests_My.LoginTest_my@4fcd19b3</td></tr>
<tr>
<td title='koel_PageTests_My.LoginTest_my1.negativeLoginTest33()'><b>negativeLoginTest33</b><br>Test class: koel_PageTests_My.LoginTest_my1</td>
<td></td>
<td>5</td>
<td>koel_PageTests_My.LoginTest_my1@376b4233</td></tr>
<tr>
<td title='koel_PageTests_My.LoginTest_my.negativeLoginTest4()'><b>negativeLoginTest4</b><br>Test class: koel_PageTests_My.LoginTest_my</td>
<td></td>
<td>5</td>
<td>koel_PageTests_My.LoginTest_my@4fcd19b3</td></tr>
<tr>
<td title='koel_PageTests_My.LoginTest_my1.negativeLoginTest44()'><b>negativeLoginTest44</b><br>Test class: koel_PageTests_My.LoginTest_my1</td>
<td></td>
<td>5</td>
<td>koel_PageTests_My.LoginTest_my1@376b4233</td></tr>
<tr>
<td title='koel_PageTests_My.PlaylistTest_my.renamePlaylistTest1()'><b>renamePlaylistTest1</b><br>Test class: koel_PageTests_My.PlaylistTest_my</td>
<td></td>
<td>2</td>
<td>koel_PageTests_My.PlaylistTest_my@2fd66ad3</td></tr>
<tr>
<td title='koel_PageTests_My.PlaylistTest_my1.renamePlaylistTest11()'><b>renamePlaylistTest11</b><br>Test class: koel_PageTests_My.PlaylistTest_my1</td>
<td></td>
<td>2</td>
<td>koel_PageTests_My.PlaylistTest_my1@5d11346a</td></tr>
<tr>
<td title='koel_PageTests_My.PlaylistTest_my.renamePlaylistTest2()'><b>renamePlaylistTest2</b><br>Test class: koel_PageTests_My.PlaylistTest_my</td>
<td></td>
<td>2</td>
<td>koel_PageTests_My.PlaylistTest_my@2fd66ad3</td></tr>
<tr>
<td title='koel_PageTests_My.PlaylistTest_my1.renamePlaylistTest22()'><b>renamePlaylistTest22</b><br>Test class: koel_PageTests_My.PlaylistTest_my1</td>
<td></td>
<td>2</td>
<td>koel_PageTests_My.PlaylistTest_my1@5d11346a</td></tr>
</table><p>
<table width='100%' border='1' class='invocation-skipped'>
<tr><td colspan='4' align='center'><b>SKIPPED TESTS</b></td></tr>
<tr><td><b>Test method</b></td>
<td width="30%"><b>Exception</b></td>
<td width="10%"><b>Time (seconds)</b></td>
<td><b>Instance</b></td>
</tr>
<tr>
<td title='koel_PageTests_My.PlaylistTest_my1.renamePlaylistTest11()'><b>renamePlaylistTest11</b><br>Test class: koel_PageTests_My.PlaylistTest_my1</td>
<td><div><pre>java.lang.AssertionError: expected [true] but found [false]
	at koel_PageTests_My.PlaylistTest_my1.renamePlaylistTest11(PlaylistTest_my1.java:41)
	at java.base/java.util.concurrent.ThreadPoolExecutor.runWorker(ThreadPoolExecutor.java:1130)
	at java.base/java.util.concurrent.ThreadPoolExecutor$Worker.run(ThreadPoolExecutor.java:630)
	at java.base/java.lang.Thread.run(Thread.java:832)
... Removed 14 stack frames</pre></div><a href='#' onClick='toggleBox("stack-trace1261758545", this, "Click to show all stack frames", "Click to hide stack frames")'>Click to show all stack frames</a>
<div class='stack-trace' id='stack-trace1261758545'><pre>java.lang.AssertionError: expected [true] but found [false]
	at org.testng.Assert.fail(Assert.java:96)
	at org.testng.Assert.failNotEquals(Assert.java:776)
	at org.testng.Assert.assertTrue(Assert.java:44)
	at org.testng.Assert.assertTrue(Assert.java:54)
	at koel_PageTests_My.PlaylistTest_my1.renamePlaylistTest11(PlaylistTest_my1.java:41)
	at java.base/jdk.internal.reflect.NativeMethodAccessorImpl.invoke0(Native Method)
	at java.base/jdk.internal.reflect.NativeMethodAccessorImpl.invoke(NativeMethodAccessorImpl.java:62)
	at java.base/jdk.internal.reflect.DelegatingMethodAccessorImpl.invoke(DelegatingMethodAccessorImpl.java:43)
	at java.base/java.lang.reflect.Method.invoke(Method.java:564)
	at org.testng.internal.MethodInvocationHelper.invokeMethod(MethodInvocationHelper.java:124)
	at org.testng.internal.Invoker.invokeMethod(Invoker.java:583)
	at org.testng.internal.Invoker.invokeTestMethod(Invoker.java:719)
	at org.testng.internal.Invoker.invokeTestMethods(Invoker.java:989)
	at org.testng.internal.TestMethodWorker.invokeTestMethods(TestMethodWorker.java:125)
	at org.testng.internal.TestMethodWorker.run(TestMethodWorker.java:109)
	at java.base/java.util.concurrent.ThreadPoolExecutor.runWorker(ThreadPoolExecutor.java:1130)
	at java.base/java.util.concurrent.ThreadPoolExecutor$Worker.run(ThreadPoolExecutor.java:630)
	at java.base/java.lang.Thread.run(Thread.java:832)
</pre></div></td>
<td>2</td>
<td>koel_PageTests_My.PlaylistTest_my1@5d11346a</td></tr>
<tr>
<td title='koel_PageTests_My.PlaylistTest_my1.renamePlaylistTest11()'><b>renamePlaylistTest11</b><br>Test class: koel_PageTests_My.PlaylistTest_my1</td>
<td><div><pre>java.lang.AssertionError: expected [true] but found [false]
	at koel_PageTests_My.PlaylistTest_my1.renamePlaylistTest11(PlaylistTest_my1.java:41)
	at java.base/java.util.concurrent.ThreadPoolExecutor.runWorker(ThreadPoolExecutor.java:1130)
	at java.base/java.util.concurrent.ThreadPoolExecutor$Worker.run(ThreadPoolExecutor.java:630)
	at java.base/java.lang.Thread.run(Thread.java:832)
... Removed 14 stack frames</pre></div><a href='#' onClick='toggleBox("stack-trace539922843", this, "Click to show all stack frames", "Click to hide stack frames")'>Click to show all stack frames</a>
<div class='stack-trace' id='stack-trace539922843'><pre>java.lang.AssertionError: expected [true] but found [false]
	at org.testng.Assert.fail(Assert.java:96)
	at org.testng.Assert.failNotEquals(Assert.java:776)
	at org.testng.Assert.assertTrue(Assert.java:44)
	at org.testng.Assert.assertTrue(Assert.java:54)
	at koel_PageTests_My.PlaylistTest_my1.renamePlaylistTest11(PlaylistTest_my1.java:41)
	at java.base/jdk.internal.reflect.NativeMethodAccessorImpl.invoke0(Native Method)
	at java.base/jdk.internal.reflect.NativeMethodAccessorImpl.invoke(NativeMethodAccessorImpl.java:62)
	at java.base/jdk.internal.reflect.DelegatingMethodAccessorImpl.invoke(DelegatingMethodAccessorImpl.java:43)
	at java.base/java.lang.reflect.Method.invoke(Method.java:564)
	at org.testng.internal.MethodInvocationHelper.invokeMethod(MethodInvocationHelper.java:124)
	at org.testng.internal.Invoker.invokeMethod(Invoker.java:583)
	at org.testng.internal.Invoker.retryFailed(Invoker.java:839)
	at org.testng.internal.Invoker.invokeTestMethods(Invoker.java:1010)
	at org.testng.internal.TestMethodWorker.invokeTestMethods(TestMethodWorker.java:125)
	at org.testng.internal.TestMethodWorker.run(TestMethodWorker.java:109)
	at java.base/java.util.concurrent.ThreadPoolExecutor.runWorker(ThreadPoolExecutor.java:1130)
	at java.base/java.util.concurrent.ThreadPoolExecutor$Worker.run(ThreadPoolExecutor.java:630)
	at java.base/java.lang.Thread.run(Thread.java:832)
</pre></div></td>
<td>3</td>
<td>koel_PageTests_My.PlaylistTest_my1@5d11346a</td></tr>
</table><p>
</body>
</html>