<?xml version="1.0" encoding="UTF-8"?>
<!-- Generated by org.testng.reporters.JUnitXMLReporter -->
<testsuite ignored="2" hostname="MBP-Kamil" failures="1" tests="24" name="All tests" time="77.748" errors="0" timestamp="24 Sep 2020 02:40:19 GMT">
  <testcase classname="koel_PageTests_My.LoginTest_my" name="loginTest1" time="1.234"/>
  <testcase classname="koel_PageTests_My.LoginTest_my1" name="loginTest11" time="1.294"/>
  <testcase classname="koel_PageTests_My.PlaylistTest_my1" name="createPlaylistTest11" time="2.983"/>
  <testcase classname="koel_PageTests_My.PlaylistTest_my" name="createPlaylistTest1" time="3.043"/>
  <testcase classname="koel_PageTests_My.PlaylistTest_my1" name="renamePlaylistTest11" time="2.861">
    <skipped/>
  </testcase> <!-- renamePlaylistTest11 -->
  <testcase classname="koel_PageTests_My.PlaylistTest_my" name="renamePlaylistTest1" time="2.893"/>
  <testcase classname="koel_PageTests_My.LoginTest_my" name="negativeLoginTest2" time="5.626"/>
  <testcase classname="koel_PageTests_My.LoginTest_my1" name="negativeLoginTest11" time="5.602"/>
  <testcase classname="koel_PageTests_My.LoginTest_my" name="loginTest3" time="1.208"/>
  <testcase classname="koel_PageTests_My.PlaylistTest_my" name="createPlaylistTest2" time="2.557"/>
  <testcase classname="koel_PageTests_My.PlaylistTest_my1" name="renamePlaylistTest11" time="3.134">
    <skipped/>
  </testcase> <!-- renamePlaylistTest11 -->
  <testcase classname="koel_PageTests_My.LoginTest_my1" name="loginTest22" time="5.804">
    <failure type="java.lang.AssertionError" message="expected [true] but found [false]">
      <![CDATA[java.lang.AssertionError: expected [true] but found [false]
at koel_PageTests_My.LoginTest_my1.loginTest22(LoginTest_my1.java:35)
at java.base/java.util.concurrent.ThreadPoolExecutor.runWorker(ThreadPoolExecutor.java:1130)
at java.base/java.util.concurrent.ThreadPoolExecutor$Worker.run(ThreadPoolExecutor.java:630)
at java.base/java.lang.Thread.run(Thread.java:832)
... Removed 14 stack frames]]>
    </failure>
  </testcase> <!-- loginTest22 -->
  <testcase classname="koel_PageTests_My.PlaylistTest_my" name="renamePlaylistTest2" time="2.781"/>
  <testcase classname="koel_PageTests_My.PlaylistTest_my1" name="renamePlaylistTest11" time="2.729"/>
  <testcase classname="koel_PageTests_My.LoginTest_my" name="negativeLoginTest3" time="5.605"/>
  <testcase classname="koel_PageTests_My.LoginTest_my1" name="negativeLoginTest22" time="5.563"/>
  <testcase classname="koel_PageTests_My.PlaylistTest_my1" name="createPlaylistTest22" time="2.318"/>
  <testcase classname="koel_PageTests_My.LoginTest_my" name="loginTest4" time="0.887"/>
  <testcase classname="koel_PageTests_My.LoginTest_my1" name="loginTest33" time="1.075"/>
  <testcase classname="koel_PageTests_My.PlaylistTest_my1" name="renamePlaylistTest22" time="2.685"/>
  <testcase classname="koel_PageTests_My.LoginTest_my" name="negativeLoginTest4" time="5.574"/>
  <testcase classname="koel_PageTests_My.LoginTest_my1" name="negativeLoginTest33" time="5.528"/>
  <testcase classname="koel_PageTests_My.LoginTest_my1" name="loginTest44" time="0.914"/>
  <testcase classname="koel_PageTests_My.LoginTest_my1" name="negativeLoginTest44" time="5.568"/>
  <testcase classname="koel_PageTests_My.LoginTest_my" name="negativeLoginTest1" time="0.0">
    <ignored/>
  </testcase> <!-- negativeLoginTest1 -->
  <testcase classname="koel_PageTests_My.LoginTest_my" name="loginTest2" time="0.0">
    <ignored/>
  </testcase> <!-- loginTest2 -->
</testsuite> <!-- All tests -->
