<?xml version="1.0" encoding="UTF-8"?>
<!-- Generated by org.testng.reporters.JUnitReportReporter -->
<testsuite hostname="MBP-Kamil" failures="1" tests="8" name="koel_PageTests_My.LoginTest_my1" time="77.712" errors="0" timestamp="24 Sep 2020 02:40:19 GMT" skipped="0">
  <testcase classname="koel_PageTests_My.LoginTest_my1" name="loginTest33" time="8.251"/>
  <testcase classname="koel_PageTests_My.LoginTest_my1" name="loginTest22" time="11.914">
    <failure message="expected [true] but found [false]" type="java.lang.AssertionError">
      <![CDATA[java.lang.AssertionError: expected [true] but found [false]
at org.testng.Assert.fail(Assert.java:96)
at org.testng.Assert.failNotEquals(Assert.java:776)
at org.testng.Assert.assertTrue(Assert.java:44)
at org.testng.Assert.assertTrue(Assert.java:54)
at koel_PageTests_My.LoginTest_my1.loginTest22(LoginTest_my1.java:35)
at java.base/jdk.internal.reflect.NativeMethodAccessorImpl.invoke0(Native Method)
at java.base/jdk.internal.reflect.NativeMethodAccessorImpl.invoke(NativeMethodAccessorImpl.java:62)
at java.base/jdk.internal.reflect.DelegatingMethodAccessorImpl.invoke(DelegatingMethodAccessorImpl.java:43)
at java.base/java.lang.reflect.Method.invoke(Method.java:564)
at org.testng.internal.MethodInvocationHelper.invokeMethod(MethodInvocationHelper.java:124)
at org.testng.internal.Invoker.invokeMethod(Invoker.java:583)
at org.testng.internal.Invoker.invokeTestMethod(Invoker.java:719)
at org.testng.internal.Invoker.invokeTestMethods(Invoker.java:989)
at org.testng.internal.TestMethodWorker.invokeTestMethods(TestMethodWorker.java:125)
at org.testng.internal.TestMethodWorker.run(TestMethodWorker.java:109)
at java.base/java.util.concurrent.ThreadPoolExecutor.runWorker(ThreadPoolExecutor.java:1130)
at java.base/java.util.concurrent.ThreadPoolExecutor$Worker.run(ThreadPoolExecutor.java:630)
at java.base/java.lang.Thread.run(Thread.java:832)
]]>
    </failure>
  </testcase> <!-- loginTest22 -->
  <testcase classname="koel_PageTests_My.LoginTest_my1" name="negativeLoginTest44" time="11.090"/>
  <testcase classname="koel_PageTests_My.LoginTest_my1" name="loginTest44" time="6.407"/>
  <testcase classname="koel_PageTests_My.LoginTest_my1" name="loginTest11" time="6.790"/>
  <testcase classname="koel_PageTests_My.LoginTest_my1" name="negativeLoginTest33" time="11.098"/>
  <testcase classname="koel_PageTests_My.LoginTest_my1" name="negativeLoginTest11" time="11.106"/>
  <testcase classname="koel_PageTests_My.LoginTest_my1" name="negativeLoginTest22" time="11.056"/>
</testsuite> <!-- koel_PageTests_My.LoginTest_my1 -->
